<?xml version="1.0" encoding="UTF-8"?>
<testng-results skipped="0" failed="0" ignored="0" total="1" passed="1">
  <reporter-output>
  </reporter-output>
  <suite name="Suite" duration-ms="87" started-at="2018-10-03T08:28:50Z" finished-at="2018-10-03T08:28:50Z">
    <groups>
    </groups>
    <test name="Test" duration-ms="87" started-at="2018-10-03T08:28:50Z" finished-at="2018-10-03T08:28:50Z">
      <class name="maven_sel.maven_class">
        <test-method status="PASS" signature="print()[pri:0, instance:maven_sel.maven_class@60285225]" name="print" duration-ms="54" started-at="2018-10-03T08:28:50Z" finished-at="2018-10-03T08:28:50Z">
          <reporter-output>
          </reporter-output>
        </test-method> <!-- print -->
      </class> <!-- maven_sel.maven_class -->
    </test> <!-- Test -->
  </suite> <!-- Suite -->
</testng-results>
